{"/Users/hj519780/Desktop/Projects/ME/mynpmlibs/react-native-crash-screenshot/src/index.tsx": {"path":"/Users/hj519780/Desktop/Projects/ME/mynpmlibs/react-native-crash-screenshot/src/index.tsx","statementMap":{"0":{"start":{"line":7,"column":16},"end":{"line":7,"column":21}},"1":{"start":{"line":14,"column":2},"end":{"line":16,"column":3}},"2":{"start":{"line":15,"column":4},"end":{"line":15,"column":11}},"3":{"start":{"line":17,"column":2},"end":{"line":17,"column":19}},"4":{"start":{"line":19,"column":2},"end":{"line":19,"column":34}},"5":{"start":{"line":21,"column":26},"end":{"line":21,"column":55}},"6":{"start":{"line":22,"column":2},"end":{"line":27,"column":5}},"7":{"start":{"line":23,"column":20},"end":{"line":23,"column":74}},"8":{"start":{"line":24,"column":18},"end":{"line":24,"column":67}},"9":{"start":{"line":25,"column":4},"end":{"line":25,"column":60}},"10":{"start":{"line":26,"column":4},"end":{"line":26,"column":36}}},"fnMap":{"0":{"name":"installCrashScreenshot","decl":{"start":{"line":13,"column":16},"end":{"line":13,"column":38}},"loc":{"start":{"line":13,"column":47},"end":{"line":28,"column":1}},"line":13},"1":{"name":"(anonymous_1)","decl":{"start":{"line":22,"column":30},"end":{"line":22,"column":31}},"loc":{"start":{"line":22,"column":68},"end":{"line":27,"column":3}},"line":22}},"branchMap":{"0":{"loc":{"start":{"line":14,"column":2},"end":{"line":16,"column":3}},"type":"if","locations":[{"start":{"line":14,"column":2},"end":{"line":16,"column":3}},{"start":{},"end":{}}],"line":14},"1":{"loc":{"start":{"line":23,"column":20},"end":{"line":23,"column":74}},"type":"cond-expr","locations":[{"start":{"line":23,"column":45},"end":{"line":23,"column":58}},{"start":{"line":23,"column":61},"end":{"line":23,"column":74}}],"line":23},"2":{"loc":{"start":{"line":24,"column":18},"end":{"line":24,"column":67}},"type":"cond-expr","locations":[{"start":{"line":24,"column":44},"end":{"line":24,"column":61}},{"start":{"line":24,"column":65},"end":{"line":24,"column":67}}],"line":24},"3":{"loc":{"start":{"line":24,"column":44},"end":{"line":24,"column":61}},"type":"binary-expr","locations":[{"start":{"line":24,"column":44},"end":{"line":24,"column":55}},{"start":{"line":24,"column":59},"end":{"line":24,"column":61}}],"line":24}},"s":{"0":1,"1":2,"2":1,"3":1,"4":1,"5":1,"6":1,"7":2,"8":2,"9":2,"10":2},"f":{"0":2,"1":2},"b":{"0":[1,1],"1":[1,1],"2":[1,1],"3":[1,0]},"_coverageSchema":"1a1c01bbd47fc00a2c39e90264f33305004495a9","hash":"50952507cf0c2abac3e87a1466dc2c26139b1f45"}
}
